━━━━━━━━━━━━━━━━━━━━━━━━━━━━━━━━━━━━━━━━
[13:20:23] COSMOS Daily Pipeline v3 — 2026-03-07_13-20
━━━━━━━━━━━━━━━━━━━━━━━━━━━━━━━━━━━━━━━━
[13:20:23] ✓ Backup saved
[13:20:23] 🔍 Checking issues...
[13:20:24] ✓ Issue check done
[13:20:24] 🎯 Finding work target...
[13:20:24]   No eligible issues — agent self-decides
[13:20:24] 
[13:20:24] ▶ Agent: PLANNER
Plan written to `logs/2026-03-07_13-20/plan.md`.

**Summary:** No open issues, so adding 2 new planets:
- **Venomia** (Toxic World) — Venus-like acid clouds, yellow-green swirling atmosphere, extreme greenhouse
- **Carbonis** (Carbon World) — diamond geology, dark glittering graphite surface, hydrocarbon atmosphere

Both fill gaps in the planet type roster and will get unique shaders.
[13:21:14] ✓ PLANNER done (50s)
[13:21:14] 
[13:21:14] ▶ Agent: ARCHITECT
Implementation plan written to `logs/2026-03-07_13-20/implementation.md`. 

Key decisions:
- **Venomia** (index 7, orbit 110): Venus-like toxic world with latitude-driven acid cloud bands, yellow-green palette, thick rim glow, lightning flashes
- **Carbonis** (index 8, orbit 116): Carbon world with dark graphite base, quantized noise for diamond facets, high-exponent specular glints, amber hydrocarbon haze
- Both reuse existing `PLANET_VERT` + `NOISE_LIB` — no new uniforms or utility code needed
- All existing systems (minimap, panels, tooltips, orbit lines) auto-extend from the `PLANETS` array
[13:23:08] ✓ ARCHITECT done (114s)
━━━━━━━━━━━━━━━━━━━━━━━━━━━━━━━━━━━━━━━━
[13:23:08] ▶ Attempt 1
━━━━━━━━━━━━━━━━━━━━━━━━━━━━━━━━━━━━━━━━
[13:23:08] 
[13:23:08] ▶ Agent: CODER
All changes implemented in `src/index.html`:

1. **Venomia** (Toxic World, index 7) — Venus-analog at orbit 110, dense yellow-green sulfuric cloud bands with lightning flashes, thick atmospheric rim glow
2. **Carbonis** (Carbon World, index 8) — dark graphite surface at orbit 116, quantized diamond facet sparkle with high specular exponent, 1 moon, amber hydrocarbon haze rim
3. **Atmosphere colors** — toxic yellow-green for Venomia, dim amber for Carbonis
4. **Animation loop fix** — moved `Vector3`/`Matrix3` allocations out of the per-frame loop into reusable module-level objects
5. **Minimap scale** — adjusted from 0.82 to 0.7 to fit the wider orbit radii

No existing planets were modified. No external dependencies added. Everything remains in the single file.
[13:25:39] ✓ CODER done (151s)
[13:25:39] 
[13:25:39] ▶ Agent: TESTER
**Test result: FAIL**

The shaders and planet data in `src/index.html` are correctly implemented — Venomia and Carbonis have proper GLSL, valid data structures, correct atmosphere colors, and appropriate orbital spacing. No JS syntax errors or GLSL issues.

However, two data files are out of sync:
1. **`data/universe.json`** still contains Vulcanis/Prisma (from a prior session) instead of Venomia/Carbonis
2. **`data/changelog.md`** has no entry for this session's changes
[13:26:51] ✓ TESTER done (72s)
[13:26:51] 
[13:26:51] ▶ Agent: SECURITY
Security audit complete. Report written to `logs/2026-03-07_13-20/security_retry0.md`.

**Summary: PASS** — only two external URLs found (Google Fonts and Three.js CDN, both allowed). The `innerHTML` usage on lines 872/877 is safe since it only renders hardcoded planet data. No `eval`, `fetch`, secrets, or other risks detected.
[13:27:39] ✓ SECURITY done (48s)
[13:27:39] 
[13:27:39] ▶ Agent: REVIEWER
Review complete. **STATUS: PASS** — no issues found.

Key checks performed:
- **No object allocation in animation loop**: `_toSun`, `_lightDir`, `_normalMat` correctly pre-allocated at module scope (lines 966-968), mutated in-place via `.set()`, `.copy()`, `.setFromMatrix4()` (lines 988-990).
- **Efficient GLSL**: Both new shaders use minimal fbm/noise calls. Toxic shader has 3 fbm calls (2 turbulence + 1 lightning), Carbon shader has 1 fbm + 1 noise — all reasonable. `pow(...,64.0)` for diamond specular is standard.
- **Consistent style**: New shaders follow the exact same structure as existing ones (same uniforms, NOISE_LIB inclusion, rim calculation pattern).
- **No dead code**: All variables in both shaders are used. `lon` (line 536) feeds into both turbulence calls.
- **No memory leaks**: No dynamic geometry/material creation in the loop, no unmanaged event listeners.
- **Data consistency**: `atmoColors` array has 9 entries matching 9 planets. Minimap scale 0.7 keeps max orbit (116 * 0.7 = 81.2) within the 88px radius.
[13:28:45] ✓ REVIEWER done (66s)
[13:28:45] 
[13:28:45] ▶ Agent: VALIDATOR
**Validation result: FAIL**

- **test_retry0**: FAIL — `data/universe.json` has stale Vulcanis/Prisma data instead of the actual Venomia/Carbonis planets, and `data/changelog.md` is missing the current session entry.
- **security_retry0**: PASS
- **review_retry0**: PASS

Written `validation_retry0.md` (FINAL: FAIL) and `fix_retry1.md` with specific fix instructions for syncing the JSON and changelog to match the actual code changes.
[13:29:22] ✓ VALIDATOR done (37s)
[13:29:22] ❌ Validation FAILED — retry #1 (failed: )
━━━━━━━━━━━━━━━━━━━━━━━━━━━━━━━━━━━━━━━━
[13:29:22] 🔄 Retry #1 — keeping current code, applying fixes only
━━━━━━━━━━━━━━━━━━━━━━━━━━━━━━━━━━━━━━━━
[13:29:22] 
[13:29:22] ▶ Agent: CODER
All three fixes applied:

1. **`data/universe.json`** — Replaced stale Vulcanis/Prisma entries (indices 7-8) with the actual Venomia (Toxic World) and Carbonis (Carbon World) data, matching `src/index.html` exactly.
2. **`data/changelog.md`** — Replaced the stale session entry with accurate Venomia & Carbonis documentation.
3. **`src/index.html:973`** — Removed unused `const dt = clock.getDelta()` from the animation loop.
[13:31:25] ✓ CODER done (123s)
[13:31:25] 
[13:31:25] ▶ Agent: TESTER
**STATUS: PASS**

All verification checks passed:
- JS syntax clean, no errors
- 9 planets, 9 shaders, 9 atmosphere colors — all aligned
- `universe.json` matches `src/index.html` exactly
- GLSL shaders for Venomia (toxic clouds) and Carbonis (diamond sparkle) are structurally valid
- Unused `dt` variable removed
- No broken data structures or missing references
[13:32:40] ✓ TESTER done (75s)
[13:32:40] 
[13:32:40] ▶ Agent: SECURITY
Security audit written to `logs/2026-03-07_13-20/security_retry1.md`.

**STATUS: PASS** — No issues found. Only the two approved external origins (Google Fonts, Three.js cdnjs) are present. No eval, no dangerous innerHTML with user input, no secrets, no external fetch calls.
[13:33:26] ✓ SECURITY done (46s)
[13:33:26] 
[13:33:26] ▶ Agent: REVIEWER
Review written to `logs/2026-03-07_13-20/review_retry1.md`. 

**Summary**: PASS — all three changes from the retry are clean:
- `data/universe.json` now matches the 9 planets in `src/index.html` exactly
- `data/changelog.md` accurately describes Venomia & Carbonis additions
- Unused `const dt = clock.getDelta()` removed from animation loop (line 972)
- No object allocations in the animation loop, no dead code, no memory leaks, GLSL is efficient and consistent with existing shaders
[13:34:44] ✓ REVIEWER done (78s)
[13:34:44] 
[13:34:44] ▶ Agent: VALIDATOR
All three checks passed:
- **Test**: PASS — 9 planets verified, shaders valid, data files in sync, no JS/GLSL errors
- **Security**: PASS — no eval, no dangerous DOM manipulation, only approved external origins
- **Review**: PASS — clean code, no dead code, no memory leaks, consistent style

**FINAL: PASS** — Validation written to `logs/2026-03-07_13-20/validation_retry1.md`.
[13:35:10] ✓ VALIDATOR done (26s)
[13:35:10] 
[13:35:10] ✅ All checks PASSED after 1 retries!
━━━━━━━━━━━━━━━━━━━━━━━━━━━━━━━━━━━━━━━━
[13:35:10] 📦 Committing...
