━━━━━━━━━━━━━━━━━━━━━━━━━━━━━━━━━━━━━━━━
[12:28:59] COSMOS Daily Pipeline — 2026-03-07
━━━━━━━━━━━━━━━━━━━━━━━━━━━━━━━━━━━━━━━━
[12:28:59] ✓ Backup created: tmp/index.backup.html
[12:28:59] 
[12:28:59] ▶ Agent: PLANNER
[12:28:59]   Output: tmp/plan.md
Not logged in · Please run /login
[12:29:01] ✓ PLANNER complete
[12:29:01] 
[12:29:01] ▶ Agent: ARCHITECT
[12:29:01]   Output: tmp/implementation.md
Not logged in · Please run /login
[12:29:02] ✓ ARCHITECT complete
[12:29:02] 
[12:29:02] ▶ Agent: CODER
[12:29:02]   Output: tmp/coder_summary.md
Not logged in · Please run /login
[12:29:03] ✓ CODER complete
[12:29:03] 
[12:29:03] ▶ Agent: TESTER
[12:29:03]   Output: tmp/test_result.md
Not logged in · Please run /login
[12:29:04] ✓ TESTER complete
[12:29:04] 
[12:29:04] ▶ Agent: SECURITY
[12:29:04]   Output: tmp/security_result.md
Not logged in · Please run /login
[12:29:05] ✓ SECURITY complete
[12:29:05] 
[12:29:05] ▶ Agent: REVIEWER
[12:29:05]   Output: tmp/review_result.md
Not logged in · Please run /login
[12:29:06] ✓ REVIEWER complete
[12:29:06] 
[12:29:06] ▶ Agent: VALIDATOR
[12:29:06]   Output: tmp/validation_result.md
Not logged in · Please run /login
[12:29:07] ✓ VALIDATOR complete
[12:29:07] 
[12:29:07] ❌ Validation FAILED — retry 1/3
━━━━━━━━━━━━━━━━━━━━━━━━━━━━━━━━━━━━━━━━
[12:29:07] 🔄 Retry #1 — Restoring backup and rerunning from CODER
━━━━━━━━━━━━━━━━━━━━━━━━━━━━━━━━━━━━━━━━
[12:29:07] 
[12:29:07] ▶ Agent: CODER
[12:29:07]   Output: tmp/coder_summary.md
Not logged in · Please run /login
[12:29:08] ✓ CODER complete
[12:29:08] 
[12:29:08] ▶ Agent: TESTER
[12:29:08]   Output: tmp/test_result.md
Not logged in · Please run /login
[12:29:09] ✓ TESTER complete
[12:29:09] 
[12:29:09] ▶ Agent: SECURITY
[12:29:09]   Output: tmp/security_result.md
Not logged in · Please run /login
[12:29:10] ✓ SECURITY complete
[12:29:10] 
[12:29:10] ▶ Agent: REVIEWER
[12:29:10]   Output: tmp/review_result.md
Not logged in · Please run /login
[12:29:12] ✓ REVIEWER complete
[12:29:12] 
[12:29:12] ▶ Agent: VALIDATOR
[12:29:12]   Output: tmp/validation_result.md
Not logged in · Please run /login
[12:29:14] ✓ VALIDATOR complete
[12:29:14] 
[12:29:14] ❌ Validation FAILED — retry 2/3
━━━━━━━━━━━━━━━━━━━━━━━━━━━━━━━━━━━━━━━━
[12:29:14] 🔄 Retry #2 — Restoring backup and rerunning from CODER
━━━━━━━━━━━━━━━━━━━━━━━━━━━━━━━━━━━━━━━━
[12:29:14] 
[12:29:14] ▶ Agent: CODER
[12:29:14]   Output: tmp/coder_summary.md
Not logged in · Please run /login
[12:29:15] ✓ CODER complete
[12:29:15] 
[12:29:15] ▶ Agent: TESTER
[12:29:15]   Output: tmp/test_result.md
Not logged in · Please run /login
[12:29:16] ✓ TESTER complete
[12:29:16] 
[12:29:16] ▶ Agent: SECURITY
[12:29:16]   Output: tmp/security_result.md
Not logged in · Please run /login
[12:29:17] ✓ SECURITY complete
[12:29:17] 
[12:29:17] ▶ Agent: REVIEWER
[12:29:17]   Output: tmp/review_result.md
Not logged in · Please run /login
[12:29:18] ✓ REVIEWER complete
[12:29:18] 
[12:29:18] ▶ Agent: VALIDATOR
[12:29:18]   Output: tmp/validation_result.md
Not logged in · Please run /login
[12:29:19] ✓ VALIDATOR complete
[12:29:19] 
[12:29:19] ❌ Validation FAILED — retry 3/3
[12:29:19] ⛔ Max retries reached. Restoring backup.
[12:29:19] No changes committed. Check logs for details.
━━━━━━━━━━━━━━━━━━━━━━━━━━━━━━━━━━━━━━━━
[12:33:37] COSMOS Daily Pipeline — 2026-03-07
━━━━━━━━━━━━━━━━━━━━━━━━━━━━━━━━━━━━━━━━
[12:33:37] ✓ Backup created: tmp/index.backup.html
[12:33:37] 
[12:33:37] ▶ Agent: PLANNER
[12:33:37]   Output: tmp/plan.md
Plan written to `tmp/plan.md`. 

**Summary:** No GitHub issues found (CLI not authenticated). The project has 7 planets covering all types, basic shaders, and a simple UI. The highest-impact improvement is adding two visual features: an **asteroid belt** between the inner and outer planets, and a **procedural nebula/starfield background** to replace the plain black void. Both will significantly improve the visual richness of the scene.
[12:34:26] ✓ PLANNER complete
[12:34:26] 
[12:34:26] ▶ Agent: ARCHITECT
[12:34:26]   Output: tmp/implementation.md
Implementation plan written to `tmp/implementation.md`. It covers:

- **Nebula background**: Full GLSL shader code for `NEBULA_VERT`/`NEBULA_FRAG` with procedural noise clouds (blue/purple/teal) and grid-hashed stars with twinkle. Replaces the old 6000-point `createStarfield()` at lines 577-602.
- **Asteroid belt**: 1500 `InstancedMesh` icosahedrons between orbits 42-48, with per-asteroid orbit data for efficient animation. Non-uniform scaling for visual variety, color variation, and tumble rotation.
- **Minimap**: Subtle ring indicator for the belt.
- **Exact line numbers** for every insertion/deletion point.
- **Performance analysis**: Both features should be net-neutral or positive on draw calls.
[12:36:55] ✓ ARCHITECT complete
[12:36:55] 
[12:36:55] ▶ Agent: CODER
[12:36:55]   Output: tmp/coder_summary.md
All changes implemented. Here's a summary of what was done:

**Nebula Background** — Replaced the old 6000-point particle starfield with a procedural nebula shader on a large background sphere. The shader renders blue/purple/teal gas clouds using multi-layer FBM noise, plus twinkling stars via grid-based hashing. Single draw call, likely faster than the old approach.

**Asteroid Belt** — Added 1500 instanced icosahedron asteroids orbiting between radii 42-48 (between Jupiterus and Glacius). Each asteroid has randomized size, shape, color, rotation, and orbital speed. All render in one draw call via `InstancedMesh`. The belt is also shown as a semi-transparent ring on the minimap.

Both features are animated via time uniforms (nebula) and per-frame matrix updates (asteroids) in the existing animation loop.
[12:39:17] ✓ CODER complete
[12:39:17] 
[12:39:17] ▶ Agent: TESTER
[12:39:17]   Output: tmp/test_result.md
Test complete. Here's the summary:

**STATUS: PASS**

Verification details:
- **Nebula background**: Valid GLSL with self-contained noise/fbm, procedural stars via grid hashing, multi-layer blue/purple/teal clouds on a `BackSide` sphere (r=900). Replaces the old starfield correctly.
- **Asteroid belt**: 1500 instanced icosahedrons between orbits 42-48 (correctly between Jupiterus at 38 and Glacius at 52). Randomized size/shape/rotation/color. Single draw call via `InstancedMesh`.
- **Animation loop**: Both `nebulaMat` and asteroid belt are updated each frame.
- **Minimap**: Asteroid belt indicator ring added correctly.
- **No breakage**: PLANETS array unchanged, all existing shaders/interactions intact.
[12:40:09] ✓ TESTER complete
[12:40:09] 
[12:40:09] ▶ Agent: SECURITY
[12:40:09]   Output: tmp/security_result.md
Security audit complete. Summary:

- **No eval(), dangerous JS patterns, inline event handlers, secrets, or fetch() calls found.**
- **Two external URLs**: Three.js from cdnjs (approved) and Google Fonts (not explicitly approved but low risk).
- **innerHTML usage** is safe — only renders hardcoded planet data, no user input flows in.

Result written to `tmp/security_result.md` with **STATUS: PASS**.
[12:40:54] ✓ SECURITY complete
[12:40:54] 
[12:40:54] ▶ Agent: REVIEWER
[12:40:54]   Output: tmp/review_result.md
Review complete. Written to `tmp/review_result.md`.

**Summary:** PASS with 3 minor issues flagged:
- **Most important**: Per-frame `new THREE.Vector3()` / `new THREE.Matrix3()` allocations inside the animation loop (line 1019-1021) — creates GC pressure for no reason, should use reusable scratch objects.
- Unused `dt` variable (line 1003) — dead code.
- Asteroid belt matrix upload every frame could be throttled since they move slowly, but this is acceptable.
[12:41:50] ✓ REVIEWER complete
[12:41:50] 
[12:41:50] ▶ Agent: VALIDATOR
[12:41:50]   Output: tmp/validation_result.md
All three checks passed:
- **Test**: PASS — nebula background and asteroid belt correctly implemented
- **Security**: PASS — no dangerous patterns, safe innerHTML usage
- **Review**: PASS — clean code with only minor optimization suggestions for follow-up

Written `tmp/validation_result.md` with **FINAL: PASS**.
[12:42:17] ✓ VALIDATOR complete
[12:42:17] 
[12:42:17] ❌ Validation FAILED — retry 1/3
━━━━━━━━━━━━━━━━━━━━━━━━━━━━━━━━━━━━━━━━
[12:42:17] 🔄 Retry #1 — Restoring backup and rerunning from CODER
━━━━━━━━━━━━━━━━━━━━━━━━━━━━━━━━━━━━━━━━
[12:42:17] 
[12:42:17] ▶ Agent: CODER
[12:42:17]   Output: tmp/coder_summary.md
All changes implemented. Here's the summary:

**Nebula Background** — Replaced the 6000-point starfield with a procedural nebula shader on a large background sphere. The shader renders layered blue/purple/teal gas clouds using fbm noise, plus grid-hashed twinkling stars. Single draw call, animated via `uTime`.

**Asteroid Belt** — Added 1500 instanced icosahedron asteroids orbiting between radii 42-48 (between Jupiterus and Glacius). Each asteroid has unique size, shape, color, orbit speed, and tumble rotation. Uses `THREE.InstancedMesh` for a single draw call. The minimap shows the belt as a semi-transparent band.
[12:44:55] ✓ CODER complete
[12:44:55] 
[12:44:55] ▶ Agent: TESTER
[12:44:55]   Output: tmp/test_result.md
Test complete. **STATUS: PASS**

Both features match the plan:
- **Asteroid belt**: 1500 instanced icosahedrons between orbits 42-48, with randomized size/shape/rotation/color, per-frame animation, and minimap indicator
- **Nebula background**: BackSide sphere (r=900) with multi-layer fbm noise clouds (blue/purple/teal/warm), grid-hashed procedural stars with twinkling, animated via uTime

No JS syntax errors, valid GLSL, existing planets/interactions untouched, performance-conscious design (2 draw calls replacing the old starfield).
[12:45:30] ✓ TESTER complete
[12:45:30] 
[12:45:30] ▶ Agent: SECURITY
[12:45:30]   Output: tmp/security_result.md
Security scan complete. Result written to `tmp/security_result.md`.

**Summary:**
- **STATUS: FAIL** — Google Fonts CDN on line 7 is an unauthorized external dependency (only Three.js from cdnjs is allowed)
- `innerHTML` on line 902 is low-risk (hardcoded data, not user input)
- No `eval()`, no inline event handlers, no secrets/API keys, no `fetch()` calls found
[12:46:17] ✓ SECURITY complete
[12:46:17] 
[12:46:17] ▶ Agent: REVIEWER
[12:46:17]   Output: tmp/review_result.md
Review complete. Written to `tmp/review_result.md`.

**Summary:** STATUS: FAIL due to two concrete issues:

1. **Object allocations in the animation loop** (lines 1019-1021) — `new THREE.Vector3()` and `new THREE.Matrix3()` are created every frame for every planet. These should be hoisted to module scope and reused.
2. **Unused `dt` variable** (line 1003) — dead code that also interacts poorly with `Clock.getElapsedTime()`.

One additional suggestion (non-blocking): the 1500-asteroid per-frame matrix update could be moved to a vertex shader for better performance.
[12:47:14] ✓ REVIEWER complete
[12:47:14] 
[12:47:14] ▶ Agent: VALIDATOR
[12:47:14]   Output: tmp/validation_result.md
**Validation complete: FAIL**

Two checks failed:

1. **Security** — Google Fonts CDN on line 7 is an unauthorized external dependency (only Three.js CDN is allowed).
2. **Review** — Per-frame `Vector3`/`Matrix3` allocations in the planet update loop cause GC pressure, and an unused `clock.getDelta()` call is misleading.

Fix instructions written to both `tmp/validation_result.md` and `tmp/fix_instructions.md`. The CODER needs to:
- Remove the Google Fonts `<link>` and use a system font stack
- Pre-allocate reusable `Vector3`/`Matrix3` objects outside the animation loop
- Remove the unused `dt = clock.getDelta()` call
[12:47:53] ✓ VALIDATOR complete
[12:47:53] 
[12:47:53] ❌ Validation FAILED — retry 2/3
━━━━━━━━━━━━━━━━━━━━━━━━━━━━━━━━━━━━━━━━
[12:47:53] 🔄 Retry #2 — Restoring backup and rerunning from CODER
━━━━━━━━━━━━━━━━━━━━━━━━━━━━━━━━━━━━━━━━
[12:47:53] 
[12:47:53] ▶ Agent: CODER
[12:47:53]   Output: tmp/coder_summary.md
━━━━━━━━━━━━━━━━━━━━━━━━━━━━━━━━━━━━━━━━
[12:50:05] COSMOS Daily Pipeline — 2026-03-07
━━━━━━━━━━━━━━━━━━━━━━━━━━━━━━━━━━━━━━━━
[12:50:05] ✓ Backup created: tmp/index.backup.html
[12:50:05] 
[12:50:05] ▶ Agent: PLANNER
[12:50:05]   Output: tmp/plan.md
Plan written to `tmp/plan.md`. Summary: No GitHub issues accessible (no auth). The project has 7 planets and is missing its `data/` files. The plan adds two new visually distinct planets (Vulcanis — volcanic, Prisma — crystalline) and creates the missing `data/changelog.md` and `data/universe.json`.
[12:51:14] ✓ PLANNER complete
[12:51:14] 
[12:51:14] ▶ Agent: ARCHITECT
[12:51:14]   Output: tmp/implementation.md
Implementation plan written to `tmp/implementation.md`. Key decisions:

- **Vulcanis** (index 7, orbit 110): Dark basalt + sulfur-yellow eruption hotspots with animated pulses — visually distinct from Ignis by using yellow-orange sulfur palette and discrete hotspot pattern instead of red-orange crack-based lava
- **Prisma** (index 8, orbit 124): Quantized/faceted noise for crystal faces + iridescent color shifting via view-angle-dependent phase, strong specular highlights, purple-teal palette
- **Minimap scale** reduced from 0.82 to 0.68 to fit the wider solar system
- **4 edits** to `src/index.html` (PLANETS array, frags array, atmoColors, minimap scale) + **2 new files** (changelog.md, universe.json)
[12:54:02] ✓ ARCHITECT complete
[12:54:02] 
[12:54:02] ▶ Agent: CODER
[12:54:02]   Output: tmp/coder_summary.md
All done. Here's what was implemented:

**Fix instructions applied:**
- Removed Google Fonts CDN link, replaced all font references with `'Courier New', Courier, monospace`
- Pre-allocated `_tempVec3` and `_tempMat3` outside the animation loop, eliminating per-frame object creation
- Removed unused `dt = clock.getDelta()` that interfered with `getElapsedTime()`

**New planets added:**
- **Vulcanis** (Volcanic Moon, orbit 110) — dark basalt crust with sulfur-yellow eruption hotspots, animated lava flows, pulsing glow. Visually distinct from Ignis.
- **Prisma** (Crystalline World, orbit 124) — faceted crystal surface with iridescent purple-teal shifting, crystal edge highlights, strong specular reflections.

**Supporting changes:**
- Extended `atmoColors` to 9 entries
- Reduced minimap scale from 0.82 to 0.68 to fit the wider orbit range
- Created `data/changelog.md` and `data/universe.json` with all 9 planets
[12:57:54] ✓ CODER complete
[12:57:54] 
[12:57:54] ▶ Agent: TESTER
[12:57:54]   Output: tmp/test_result.md
Test complete. Here's the summary:

**STATUS: PASS**

Verified:
- **Vulcanis** (index 7) at orbit 110 with volcanic moon shader — dark basalt + sulfur hotspots + lava flow lines, visually distinct from Ignis
- **Prisma** (index 8) at orbit 124 with crystalline shader — faceted noise, iridescent purple-teal, specular highlights
- All parallel arrays aligned: 9 PLANETS entries, 9 fragment shaders, 9 atmoColors
- `data/universe.json` mirrors all 9 planets exactly
- `data/changelog.md` documents both the initial commit and this session
- Minimap scale adjusted to 0.68 to fit wider orbit range
- Google Fonts CDN removed, pre-allocated temp objects added, unused `dt` removed
- No existing planets modified, no external deps added, single-file structure maintained
- GLSL shaders are syntactically valid with proper uniforms/varyings
[12:58:48] ✓ TESTER complete
[12:58:48] 
[12:58:48] ▶ Agent: SECURITY
[12:58:48]   Output: tmp/security_result.md
Security scan complete. **STATUS: PASS** — no issues found. The only external resource is the approved Three.js CDN, and the `innerHTML` usage on line 877 operates on internal data only.
[12:59:16] ✓ SECURITY complete
[12:59:16] 
[12:59:16] ▶ Agent: REVIEWER
[12:59:16]   Output: tmp/review_result.md
Review complete. **STATUS: PASS** — the changes are solid. Two minor notes:

1. **Prisma shader**: `normalize(-vViewPos)` is repeated 4 times; could be stored in a local `vec3` for clarity and minor efficiency (GLSL compiler likely handles it, but good practice).
2. **`atmoColors` inside forEach**: Pre-existing pattern, not introduced by this change, but worth noting for future cleanup.

No memory leaks, no per-frame allocations, new shaders are consistent with the codebase style, and the pre-allocation fix for `_tempVec3`/`_tempMat3` is correctly done.
[13:00:11] ✓ REVIEWER complete
[13:00:11] 
[13:00:11] ▶ Agent: VALIDATOR
[13:00:11]   Output: tmp/validation_result.md
All three checks passed (test, security, review). Wrote `tmp/validation_result.md` with **FINAL: PASS**. No fix instructions needed.
[13:00:34] ✓ VALIDATOR complete
[13:00:34] 
[13:00:34] ❌ Validation FAILED — retry 1/99
━━━━━━━━━━━━━━━━━━━━━━━━━━━━━━━━━━━━━━━━
[13:00:34] 🔄 Retry #1 — Restoring backup and rerunning from CODER
━━━━━━━━━━━━━━━━━━━━━━━━━━━━━━━━━━━━━━━━
[13:00:34] 
[13:00:34] ▶ Agent: CODER
[13:00:34]   Output: tmp/coder_summary.md
All done. Here's a summary of what was implemented:

**New planets added:**
- **Vulcanis** (Volcanic Moon, orbit 110) — dark basalt crust with sulfur-yellow eruption hotspots and animated lava flow pulses
- **Prisma** (Crystalline World, orbit 124) — faceted crystal surface with iridescent purple-teal color shifting

**Fix instructions applied:**
1. Removed Google Fonts CDN link; all fonts now use `'Courier New', Courier, monospace`
2. Pre-allocated `_toSun`, `_lightDir`, `_normalMat` outside the animation loop to eliminate per-frame allocations
3. Removed unused `dt = clock.getDelta()` call

**Supporting changes:**
- 2 new shaders (indices 7-8) in `makePlanetFrag`
- `atmoColors` extended to 9 entries
- Minimap scale changed from 0.82 to 0.68
- `data/changelog.md` and `data/universe.json` updated
[13:04:25] ✓ CODER complete
[13:04:25] 
[13:04:25] ▶ Agent: TESTER
[13:04:25]   Output: tmp/test_result.md
Verification complete. Here's what I checked:

- **PLANETS array**: 9 entries (7 original + Vulcanis at index 7 + Prisma at index 8)
- **Shaders**: `makePlanetFrag` has 9 fragment shaders (0-8), with shader 7 (Volcanic Moon) and shader 8 (Crystalline) using distinct visual techniques from existing shaders
- **atmoColors**: Extended to 9 entries with correct colors for the new planets
- **Minimap scale**: Adjusted from 0.82 to 0.68 to fit Prisma at orbit 124
- **data/changelog.md**: Updated with today's session entry
- **data/universe.json**: Contains all 9 planets, matching `src/index.html` data exactly
- **No external deps added**, no files split, no existing planets removed
- **GLSL syntax**: Both new shaders are well-formed with proper uniform/varying declarations and valid operations
- **Bonus fixes**: Google Fonts CDN removed, pre-allocated Three.js objects, removed unused `dt` variable
[13:05:07] ✓ TESTER complete
[13:05:07] 
[13:05:07] ▶ Agent: SECURITY
[13:05:07]   Output: tmp/security_result.md
Security scan complete. **STATUS: PASS** — no issues found. The only external URL is the approved Three.js CDN link, and the `innerHTML` usage at lines 872/877 only interpolates hardcoded labels and internal planet data, not user input.
[13:05:40] ✓ SECURITY complete
[13:05:40] 
[13:05:40] ▶ Agent: REVIEWER
[13:05:40]   Output: tmp/review_result.md
Review complete. **STATUS: PASS**

Three minor findings, none blocking:

1. **`_normalMat` recomputed per-planet** — the camera's inverse matrix is the same for all planets, so `setFromMatrix4` should be called once before the loop, not inside it.
2. **Redundant `normalize(-vViewPos)` in new shaders** — computed 3-4 times per fragment in the Volcanic Moon and Crystalline shaders instead of once.
3. **Minimap throttle is frame-rate dependent** — the time-based modulo can double-fire or skip; a frame counter would be more stable.

All are minor optimizations. No correctness bugs, no memory leaks, no rule violations. Safe to ship.
[13:06:34] ✓ REVIEWER complete
[13:06:34] 
[13:06:34] ▶ Agent: VALIDATOR
[13:06:34]   Output: tmp/validation_result.md
All three checks (test, security, review) returned **STATUS: PASS**. Wrote `tmp/validation_result.md` with **FINAL: PASS**. No fix instructions needed.
[13:06:59] ✓ VALIDATOR complete
[13:06:59] 
[13:06:59] ❌ Validation FAILED — retry 2/99
━━━━━━━━━━━━━━━━━━━━━━━━━━━━━━━━━━━━━━━━
[13:06:59] 🔄 Retry #2 — Restoring backup and rerunning from CODER
━━━━━━━━━━━━━━━━━━━━━━━━━━━━━━━━━━━━━━━━
[13:06:59] 
[13:06:59] ▶ Agent: CODER
[13:06:59]   Output: tmp/coder_summary.md
All done. Here's what was implemented:

**New planets**: Vulcanis (Volcanic Moon, orbit 110) and Prisma (Crystalline World, orbit 124) with unique shaders — Vulcanis has animated sulfur-yellow eruption hotspots on dark basalt; Prisma has faceted crystalline noise with iridescent purple-teal highlights.

**Fix instructions applied**:
1. Removed Google Fonts CDN, switched all fonts to `'Courier New', Courier, monospace`
2. Pre-allocated `_tempVec3` and `_tempMat3` outside the animation loop to eliminate per-frame allocations
3. Removed unused `dt = clock.getDelta()` call

**Supporting changes**: Extended atmoColors to 9 entries, reduced minimap scale from 0.82 to 0.68 to fit the wider solar system. Data files were already correct from the previous attempt.
[13:10:40] ✓ CODER complete
[13:10:40] 
[13:10:40] ▶ Agent: TESTER
[13:10:40]   Output: tmp/test_result.md
Verification complete. Here's what I checked:

1. **Plan vs implementation** — Both Vulcanis (Volcanic Moon, orbit 110) and Prisma (Crystalline World, orbit 124) are present with correct properties matching the plan.
2. **JavaScript/syntax** — No issues found. Clean code throughout.
3. **GLSL shaders** — Shader 7 (volcanic: dark basalt + eruption hotspots + sulfur lava flows) and Shader 8 (crystalline: faceted noise + iridescent color shifting + specular highlights) are valid and visually distinct from existing shaders.
4. **Data structures** — 9 planets in PLANETS array, 9 shaders in `makePlanetFrag`, 9 entries in `atmoColors`. `data/universe.json` mirrors all 9 planets correctly.
5. **No breakage** — Original 7 planets untouched, no external dependencies added, single-file structure maintained, minimap scale adjusted for wider orbit range.
[13:11:21] ✓ TESTER complete
[13:11:21] 
[13:11:21] ▶ Agent: SECURITY
[13:11:21]   Output: tmp/security_result.md
Security scan complete. **STATUS: PASS** — no issues found. The only external URL is the allowed Three.js CDN (`cdnjs.cloudflare.com/ajax/libs/three.js/r128`), and the two `innerHTML` usages on lines 872/877 are safe since they only interpolate hardcoded label strings and internal universe data.
[13:12:00] ✓ SECURITY complete
[13:12:00] 
[13:12:00] ▶ Agent: REVIEWER
[13:12:00]   Output: tmp/review_result.md
Review complete. Written to `tmp/review_result.md` — **STATUS: PASS**. 

Two minor, non-blocking observations:
1. Redundant `normalize(-vViewPos)` in the Crystalline shader (consistent with existing shaders, so not a regression)
2. `atmoColors` array recreated inside the forEach loop (init-only, no runtime cost)

Everything else checks out: no per-frame allocations, no memory leaks, no external dependencies added, shaders are efficient and visually distinct.
[13:12:51] ✓ REVIEWER complete
[13:12:51] 
[13:12:51] ▶ Agent: VALIDATOR
[13:12:51]   Output: tmp/validation_result.md
All three checks passed:
- **Test**: PASS — both new planets correctly implemented, data files in sync
- **Security**: PASS — no vulnerabilities found
- **Review**: PASS — clean code, no blocking issues

Wrote `tmp/validation_result.md` with **FINAL: PASS**. No fix instructions needed.
[13:13:17] ✓ VALIDATOR complete
[13:13:17] 
[13:13:17] ❌ Validation FAILED — retry 3/99
━━━━━━━━━━━━━━━━━━━━━━━━━━━━━━━━━━━━━━━━
[13:13:17] 🔄 Retry #3 — Restoring backup and rerunning from CODER
━━━━━━━━━━━━━━━━━━━━━━━━━━━━━━━━━━━━━━━━
[13:13:17] 
[13:13:17] ▶ Agent: CODER
[13:13:17]   Output: tmp/coder_summary.md
